<?xml version="1.0" encoding="UTF-8"?>
<!-- Generated by org.testng.reporters.JUnitXMLReporter -->
<testsuite hostname="LP000452" ignored="1" name="Login Into CRM" tests="7" failures="0" timestamp="2020-04-28T13:09:03 IST" time="68.307" errors="0">
  <testcase name="loginCRMTest" time="68.156" classname="client.crm.Release1.Tests.LoginTest"/>
  <testcase name="verifyCalendarLinksideNavigationLink" time="0.003" classname="client.crm.Release1.Tests.HomeTest">
    <skipped/>
  </testcase> <!-- verifyCalendarLinksideNavigationLink -->
  <testcase name="verifyCompaniesLinksideNavigationLink" time="0.004" classname="client.crm.Release1.Tests.HomeTest">
    <skipped/>
  </testcase> <!-- verifyCompaniesLinksideNavigationLink -->
  <testcase name="verifyContactsLinksideNavigationLink" time="0.003" classname="client.crm.Release1.Tests.HomeTest">
    <skipped/>
  </testcase> <!-- verifyContactsLinksideNavigationLink -->
  <testcase name="verifyDealsLinksideNavigationLink" time="0.005" classname="client.crm.Release1.Tests.HomeTest">
    <skipped/>
  </testcase> <!-- verifyDealsLinksideNavigationLink -->
  <testcase name="verifyHomeLinksideNavigationLink" time="0.003" classname="client.crm.Release1.Tests.HomeTest">
    <skipped/>
  </testcase> <!-- verifyHomeLinksideNavigationLink -->
  <testcase name="verifyTasksLinksideNavigationLink" time="0.006" classname="client.crm.Release1.Tests.HomeTest">
    <skipped/>
  </testcase> <!-- verifyTasksLinksideNavigationLink -->
  <testcase name="@BeforeSuite setUpFramework" time="0.0" classname="com.cigniti.testbase.TestBase">
    <ignored/>
  </testcase> <!-- @BeforeSuite setUpFramework -->
</testsuite> <!-- Login Into CRM -->
